waiting for server to send metrics...
waiting for server to send metrics...
waiting for server to send metrics...
waiting for server to send metrics...
waiting for server to send metrics...
waiting for server to send metrics...
waiting for server to send metrics...
done with defining variables
waiting for server to start connection...
waiting for server to start connection...
waiting for server to start connection...
The file didnt exist before
receiving data...
receiving data...
receiving data...
receiving data...
receiving data...
receiving data...
receiving data...
receiving data...
receiving data...
receiving data...
receiving data...
receiving data...
receiving data...
receiving data...
receiving data...
receiving data...
receiving data...
receiving data...
receiving data...
receiving data...
receiving data...
receiving data...
receiving data...
receiving data...
receiving data...
receiving data...
receiving data...
receiving data...
receiving data...
receiving data...
receiving data...
receiving data...
receiving data...
receiving data...
receiving data...
receiving data...
receiving data...
receiving data...
receiving data...
receiving data...
receiving data...
receiving data...
receiving data...
receiving data...
receiving data...
receiving data...
receiving data...
receiving data...
receiving data...
receiving data...
receiving data...
receiving data...
receiving data...
receiving data...
receiving data...
receiving data...
receiving data...
receiving data...
receiving data...
receiving data...
receiving data...
receiving data...
receiving data...
receiving data...
receiving data...
receiving data...
receiving data...
receiving data...
receiving data...
receiving data...
receiving data...
receiving data...
receiving data...
receiving data...
receiving data...
receiving data...
receiving data...
receiving data...
receiving data...
receiving data...
receiving data...
receiving data...
receiving data...
receiving data...
receiving data...
receiving data...
receiving data...
receiving data...
receiving data...
receiving data...
receiving data...
receiving data...
receiving data...
receiving data...
receiving data...
receiving data...
receiving data...
receiving data...
receiving data...
receiving data...
receiving data...
receiving data...
receiving data...
receiving data...
receiving data...
receiving data...
receiving data...
receiving data...
receiving data...
receiving data...
receiving data...
receiving data...
receiving data...
receiving data...
receiving data...
receiving data...
receiving data...
receiving data...
receiving data...
receiving data...
receiving data...
receiving data...
receiving data...
receiving data...
receiving data...
receiving data...
receiving data...
receiving data...
receiving data...
receiving data...
connection closed
